#
# A fatal error has been detected by the Java Runtime Environment:
#
#  SIGBUS (0xa) at pc=0x00000001051eae92, pid=11571, tid=0x0000000000000307
#
# JRE version: Java(TM) SE Runtime Environment (8.0_101-b13) (build 1.8.0_101-b13)
# Java VM: Java HotSpot(TM) 64-Bit Server VM (25.101-b13 mixed mode bsd-amd64 compressed oops)
# Problematic frame:
# C  [libzip.dylib+0x2e92]  newEntry+0x154
#
# Failed to write core dump. Core dumps have been disabled. To enable core dumping, try "ulimit -c unlimited" before starting Java again
#
# If you would like to submit a bug report, please visit:
#   http://bugreport.java.com/bugreport/crash.jsp
# The crash happened outside the Java Virtual Machine in native code.
# See problematic frame for where to report the bug.
#

---------------  T H R E A D  ---------------

Current thread (0x00007f933b004000):  JavaThread "JavaFX Application Thread" [_thread_in_native, id=775, stack(0x00007fff5c285000,0x00007fff5ca85000)]

siginfo: si_signo: 10 (SIGBUS), si_code: 2 (BUS_ADRERR), si_addr: 0x0000000126b69b49

Registers:
RAX=0x00007f933f7b0a70, RBX=0x0000000126b69b3d, RCX=0x0000000000000001, RDX=0x0000000000000a00
RSP=0x00007fff5ca7d430, RBP=0x00007fff5ca7d490, RSI=0x0000000000000080, RDI=0x0000000000000aa5
R8 =0x0000000000000048, R9 =0x00007f933dbaa420, R10=0x00000000ffffff80, R11=0x00007ff7f006bc3e
R12=0x00007f933f78dca0, R13=0x0000000000000020, R14=0x000000004eecb6d3, R15=0x00007f93409d13d0
RIP=0x00000001051eae92, EFLAGS=0x0000000000010202, ERR=0x0000000000000004
  TRAPNO=0x000000000000000e

Top of Stack: (sp=0x00007fff5ca7d430)
0x00007fff5ca7d430:   00007fff5ca7d450 00000000043f28e6
0x00007fff5ca7d440:   00000007c03e1460 00000001052914b0
0x00007fff5ca7d450:   00007fff5ca7d470 00007f933f7b0a70
0x00007fff5ca7d460:   00007f933dbaa420 00007f933f7b0a70
0x00007fff5ca7d470:   00007f933f78dca0 0000000000000020
0x00007fff5ca7d480:   000000004eecb6d3 00007f93409d13d0
0x00007fff5ca7d490:   00007fff5ca7d4f0 00000001051eb52d
0x00007fff5ca7d4a0:   00007fff5ca7d51f 00007fff5ca7d51e
0x00007fff5ca7d4b0:   0000000f00000000 0000001000004000
0x00007fff5ca7d4c0:   00007fff5ca7d50e 00007fff5ca7d958
0x00007fff5ca7d4d0:   0000000000000010 00007fff5ca7d50e
0x00007fff5ca7d4e0:   00007f933f7b0a70 00007f933b0041f8
0x00007fff5ca7d4f0:   00007fff5ca7d940 00000001051ea238
0x00007fff5ca7d500:   00000000ffffffff 6f64000000000000
0x00007fff5ca7d510:   612f73706f725063 00006c6d782e7070
0x00007fff5ca7d520:   000000012ed38da8 00007f933b004000
0x00007fff5ca7d530:   000000012ed38da8 00000000ffffffff
0x00007fff5ca7d540:   00007fff5ca7d580 00000001043ab10f
0x00007fff5ca7d550:   000000012ed38da8 00007f933b004000
0x00007fff5ca7d560:   000000012ed38da8 00000000ffffffff
0x00007fff5ca7d570:   000000012ed38da8 000000012ed38da8
0x00007fff5ca7d580:   00007fff5ca7d5c0 00000001043ab762
0x00007fff5ca7d590:   000000012ed38da8 00007f933b004000
0x00007fff5ca7d5a0:   0000000000000000 000000012ed38da8
0x00007fff5ca7d5b0:   0000000000000001 00007fff5ca7d688
0x00007fff5ca7d5c0:   00007fff5ca7d650 00000001045cae4c
0x00007fff5ca7d5d0:   00000007c034b748 000000012ed38da8
0x00007fff5ca7d5e0:   00007f933b004000 00000001045c9a99
0x00007fff5ca7d5f0:   0000000000000001 00007f933b004000
0x00007fff5ca7d600:   0000000080000000 000000012ed38da8
0x00007fff5ca7d610:   00007fff5ca7d630 000000012ed38da8
0x00007fff5ca7d620:   000000012ed38da8 000000012ed38da8 

Instructions: (pc=0x00000001051eae92)
0x00000001051eae72:   49 8b 7f 38 e8 5b 1b 00 00 4d 89 77 38 49 89 5f
0x00000001051eae82:   40 4c 89 f0 48 85 c0 0f 84 11 05 00 00 48 89 c3
0x00000001051eae92:   0f b6 43 0c 0f b6 4b 0d 48 c1 e1 08 48 01 c1 0f
0x00000001051eaea2:   b6 43 0e 0f b6 53 0f 48 c1 e2 08 48 01 c2 48 c1 

Register to memory mapping:

RAX=0x00007f933f7b0a70 is an unknown value
RBX=0x0000000126b69b3d is an unknown value
RCX=0x0000000000000001 is an unknown value
RDX=0x0000000000000a00 is an unknown value
RSP=0x00007fff5ca7d430 is pointing into the stack for thread: 0x00007f933b004000
RBP=0x00007fff5ca7d490 is pointing into the stack for thread: 0x00007f933b004000
RSI=0x0000000000000080 is an unknown value
RDI=0x0000000000000aa5 is an unknown value
R8 =0x0000000000000048 is an unknown value
R9 =0x00007f933dbaa420 is an unknown value
R10=0x00000000ffffff80 is an unknown value
R11=0x00007ff7f006bc3e is an unknown value
R12=0x00007f933f78dca0 is an unknown value
R13=0x0000000000000020 is an unknown value
R14=0x000000004eecb6d3 is an unknown value
R15=0x00007f93409d13d0 is an unknown value


Stack: [0x00007fff5c285000,0x00007fff5ca85000],  sp=0x00007fff5ca7d430,  free space=8161k
Native frames: (J=compiled Java code, j=interpreted, Vv=VM code, C=native code)
C  [libzip.dylib+0x2e92]  newEntry+0x154
C  [libzip.dylib+0x352d]  ZIP_GetEntry2+0xd4
C  [libzip.dylib+0x2238]  Java_java_util_zip_ZipFile_getEntry+0xcf
J 332  java.util.zip.ZipFile.getEntry(J[BZ)J (0 bytes) @ 0x00000001056f3c8e [0x00000001056f3bc0+0xce]
J 448 C1 java.util.zip.ZipFile.getInputStream(Ljava/util/zip/ZipEntry;)Ljava/io/InputStream; (304 bytes) @ 0x000000010574f98c [0x000000010574f600+0x38c]
j  org.apache.poi.openxml4j.util.ZipSecureFile.getInputStream(Ljava/util/zip/ZipEntry;)Ljava/io/InputStream;+2
j  org.apache.poi.openxml4j.util.ZipFileZipEntrySource.getInputStream(Ljava/util/zip/ZipEntry;)Ljava/io/InputStream;+22
j  org.apache.poi.openxml4j.opc.ZipPackagePart.getInputStreamImpl()Ljava/io/InputStream;+14
j  org.apache.poi.openxml4j.opc.PackagePart.getInputStream()Ljava/io/InputStream;+1
j  org.apache.poi.POIXMLProperties.<init>(Lorg/apache/poi/openxml4j/opc/OPCPackage;)V+69
j  org.apache.poi.POIXMLDocument.getProperties()Lorg/apache/poi/POIXMLProperties;+16
j  org.apache.poi.POIXMLDocument.write(Ljava/io/OutputStream;)V+20
j  Controller.barcodeNotFound(J)V+86
j  checkIfBarcodeExistsInDB(I)Z+86
j  incrementStock()V+15
j  Controller.addSubSet()V+34
v  ~StubRoutines::call_stub
V  [libjvm.dylib+0x2ecf06]
V  [libjvm.dylib+0x4d1214]
V  [libjvm.dylib+0x4d1748]
V  [libjvm.dylib+0x345384]
j  sun.reflect.NativeMethodAccessorImpl.invoke0(Ljava/lang/reflect/Method;Ljava/lang/Object;[Ljava/lang/Object;)Ljava/lang/Object;+0
j  sun.reflect.NativeMethodAccessorImpl.invoke(Ljava/lang/Object;[Ljava/lang/Object;)Ljava/lang/Object;+100
J 842 C1 sun.reflect.DelegatingMethodAccessorImpl.invoke(Ljava/lang/Object;[Ljava/lang/Object;)Ljava/lang/Object; (10 bytes) @ 0x000000010584ac8c [0x000000010584ab80+0x10c]
J 841 C1 java.lang.reflect.Method.invoke(Ljava/lang/Object;[Ljava/lang/Object;)Ljava/lang/Object; (62 bytes) @ 0x000000010584b45c [0x000000010584b060+0x3fc]
j  sun.reflect.misc.Trampoline.invoke(Ljava/lang/reflect/Method;Ljava/lang/Object;[Ljava/lang/Object;)Ljava/lang/Object;+7
j  sun.reflect.GeneratedMethodAccessor1.invoke(Ljava/lang/Object;[Ljava/lang/Object;)Ljava/lang/Object;+40
J 842 C1 sun.reflect.DelegatingMethodAccessorImpl.invoke(Ljava/lang/Object;[Ljava/lang/Object;)Ljava/lang/Object; (10 bytes) @ 0x000000010584ac8c [0x000000010584ab80+0x10c]
J 841 C1 java.lang.reflect.Method.invoke(Ljava/lang/Object;[Ljava/lang/Object;)Ljava/lang/Object; (62 bytes) @ 0x000000010584b45c [0x000000010584b060+0x3fc]
j  sun.reflect.misc.MethodUtil.invoke(Ljava/lang/reflect/Method;Ljava/lang/Object;[Ljava/lang/Object;)Ljava/lang/Object;+20
j  javafx.fxml.FXMLLoader$MethodHandler.invoke([Ljava/lang/Object;)V+38
j  javafx.fxml.FXMLLoader$ControllerMethodEventHandler.handle(Ljavafx/event/Event;)V+12
j  com.sun.javafx.event.CompositeEventHandler.dispatchBubblingEvent(Ljavafx/event/Event;)V+51
J 2061 C1 com.sun.javafx.event.EventHandlerManager.dispatchBubblingEvent(Ljavafx/event/Event;)Ljavafx/event/Event; (23 bytes) @ 0x0000000105bab164 [0x0000000105baaac0+0x6a4]
J 2136 C1 com.sun.javafx.event.CompositeEventDispatcher.dispatchBubblingEvent(Ljavafx/event/Event;)Ljavafx/event/Event; (35 bytes) @ 0x0000000105bd701c [0x0000000105bd6e60+0x1bc]
J 2041 C1 com.sun.javafx.event.BasicEventDispatcher.dispatchEvent(Ljavafx/event/Event;Ljavafx/event/EventDispatchChain;)Ljavafx/event/Event; (44 bytes) @ 0x0000000105b9be7c [0x0000000105b9bb40+0x33c]
J 1777 C1 com.sun.javafx.event.EventDispatchChainImpl.dispatchEvent(Ljavafx/event/Event;)Ljavafx/event/Event; (101 bytes) @ 0x0000000105ad9214 [0x0000000105ad9060+0x1b4]
J 2041 C1 com.sun.javafx.event.BasicEventDispatcher.dispatchEvent(Ljavafx/event/Event;Ljavafx/event/EventDispatchChain;)Ljavafx/event/Event; (44 bytes) @ 0x0000000105b9bd94 [0x0000000105b9bb40+0x254]
J 1777 C1 com.sun.javafx.event.EventDispatchChainImpl.dispatchEvent(Ljavafx/event/Event;)Ljavafx/event/Event; (101 bytes) @ 0x0000000105ad9214 [0x0000000105ad9060+0x1b4]
J 2041 C1 com.sun.javafx.event.BasicEventDispatcher.dispatchEvent(Ljavafx/event/Event;Ljavafx/event/EventDispatchChain;)Ljavafx/event/Event; (44 bytes) @ 0x0000000105b9bd94 [0x0000000105b9bb40+0x254]
J 1777 C1 com.sun.javafx.event.EventDispatchChainImpl.dispatchEvent(Ljavafx/event/Event;)Ljavafx/event/Event; (101 bytes) @ 0x0000000105ad9214 [0x0000000105ad9060+0x1b4]
J 2296 C1 com.sun.javafx.event.EventUtil.fireEvent(Ljavafx/event/EventTarget;Ljavafx/event/Event;)Ljavafx/event/Event; (81 bytes) @ 0x0000000105c37eac [0x0000000105c372c0+0xbec]
J 2295 C1 javafx.event.Event.fireEvent(Ljavafx/event/EventTarget;Ljavafx/event/Event;)V (35 bytes) @ 0x0000000105c3666c [0x0000000105c365a0+0xcc]
j  javafx.scene.Node.fireEvent(Ljavafx/event/Event;)V+86
j  com.sun.javafx.scene.control.behavior.TextFieldBehavior.fire(Ljavafx/scene/input/KeyEvent;)V+27
j  com.sun.javafx.scene.control.behavior.TextInputControlBehavior.callAction(Ljava/lang/String;)V+574
j  com.sun.javafx.scene.control.behavior.BehaviorBase.callActionForEvent(Ljavafx/scene/input/KeyEvent;)V+12
j  com.sun.javafx.scene.control.behavior.TextInputControlBehavior.callActionForEvent(Ljavafx/scene/input/KeyEvent;)V+7
j  com.sun.javafx.scene.control.behavior.BehaviorBase.lambda$new$74(Ljavafx/scene/input/KeyEvent;)V+9
j  com.sun.javafx.scene.control.behavior.BehaviorBase$$Lambda$164.handle(Ljavafx/event/Event;)V+8
j  com.sun.javafx.event.CompositeEventHandler$NormalEventHandlerRecord.handleBubblingEvent(Ljavafx/event/Event;)V+5
j  com.sun.javafx.event.CompositeEventHandler.dispatchBubblingEvent(Ljavafx/event/Event;)V+28
J 2061 C1 com.sun.javafx.event.EventHandlerManager.dispatchBubblingEvent(Ljavafx/event/Event;)Ljavafx/event/Event; (23 bytes) @ 0x0000000105bab164 [0x0000000105baaac0+0x6a4]
J 2136 C1 com.sun.javafx.event.CompositeEventDispatcher.dispatchBubblingEvent(Ljavafx/event/Event;)Ljavafx/event/Event; (35 bytes) @ 0x0000000105bd701c [0x0000000105bd6e60+0x1bc]
J 2041 C1 com.sun.javafx.event.BasicEventDispatcher.dispatchEvent(Ljavafx/event/Event;Ljavafx/event/EventDispatchChain;)Ljavafx/event/Event; (44 bytes) @ 0x0000000105b9be7c [0x0000000105b9bb40+0x33c]
J 1777 C1 com.sun.javafx.event.EventDispatchChainImpl.dispatchEvent(Ljavafx/event/Event;)Ljavafx/event/Event; (101 bytes) @ 0x0000000105ad9214 [0x0000000105ad9060+0x1b4]
J 2041 C1 com.sun.javafx.event.BasicEventDispatcher.dispatchEvent(Ljavafx/event/Event;Ljavafx/event/EventDispatchChain;)Ljavafx/event/Event; (44 bytes) @ 0x0000000105b9bd94 [0x0000000105b9bb40+0x254]
J 1777 C1 com.sun.javafx.event.EventDispatchChainImpl.dispatchEvent(Ljavafx/event/Event;)Ljavafx/event/Event; (101 bytes) @ 0x0000000105ad9214 [0x0000000105ad9060+0x1b4]
J 2041 C1 com.sun.javafx.event.BasicEventDispatcher.dispatchEvent(Ljavafx/event/Event;Ljavafx/event/EventDispatchChain;)Ljavafx/event/Event; (44 bytes) @ 0x0000000105b9bd94 [0x0000000105b9bb40+0x254]
J 1777 C1 com.sun.javafx.event.EventDispatchChainImpl.dispatchEvent(Ljavafx/event/Event;)Ljavafx/event/Event; (101 bytes) @ 0x0000000105ad9214 [0x0000000105ad9060+0x1b4]
J 2296 C1 com.sun.javafx.event.EventUtil.fireEvent(Ljavafx/event/EventTarget;Ljavafx/event/Event;)Ljavafx/event/Event; (81 bytes) @ 0x0000000105c379fc [0x0000000105c372c0+0x73c]
J 2295 C1 javafx.event.Event.fireEvent(Ljavafx/event/EventTarget;Ljavafx/event/Event;)V (35 bytes) @ 0x0000000105c3666c [0x0000000105c365a0+0xcc]
j  javafx.scene.Scene$KeyHandler.process(Ljavafx/scene/input/KeyEvent;)V+23
j  javafx.scene.Scene$KeyHandler.access$1800(Ljavafx/scene/Scene$KeyHandler;Ljavafx/scene/input/KeyEvent;)V+2
j  javafx.scene.Scene.impl_processKeyEvent(Ljavafx/scene/input/KeyEvent;)V+28
j  javafx.scene.Scene$ScenePeerListener.keyEvent(Ljavafx/scene/input/KeyEvent;)V+5
j  com.sun.javafx.tk.quantum.GlassViewEventHandler$KeyEventNotification.run()Ljava/lang/Void;+357
j  com.sun.javafx.tk.quantum.GlassViewEventHandler$KeyEventNotification.run()Ljava/lang/Object;+1
v  ~StubRoutines::call_stub
V  [libjvm.dylib+0x2ecf06]
V  [libjvm.dylib+0x34d69c]
J 2039  java.security.AccessController.doPrivileged(Ljava/security/PrivilegedAction;Ljava/security/AccessControlContext;)Ljava/lang/Object; (0 bytes) @ 0x0000000105b9b855 [0x0000000105b9b780+0xd5]
j  com.sun.javafx.tk.quantum.GlassViewEventHandler.lambda$handleKeyEvent$353()Ljava/lang/Void;+11
j  com.sun.javafx.tk.quantum.GlassViewEventHandler$$Lambda$345.get()Ljava/lang/Object;+4
j  com.sun.javafx.tk.quantum.QuantumToolkit.runWithoutRenderLock(Ljava/util/function/Supplier;)Ljava/lang/Object;+18
j  com.sun.javafx.tk.quantum.GlassViewEventHandler.handleKeyEvent(Lcom/sun/glass/ui/View;JII[CI)V+58
j  com.sun.glass.ui.View.handleKeyEvent(JII[CI)V+20
j  com.sun.glass.ui.View.notifyKey(II[CI)V+9
v  ~StubRoutines::call_stub
V  [libjvm.dylib+0x2ecf06]
V  [libjvm.dylib+0x324111]
V  [libjvm.dylib+0x3168df]
C  [libglass.dylib+0x20b44]  -[GlassViewDelegate sendJavaKeyEvent:isDown:]+0x264
C  [libglass.dylib+0x1de16]  -[GlassView3D keyDown:]+0x76
C  [AppKit+0x8bb770]  -[NSWindow(NSEventRouting) _reallySendEvent:isDelayedEvent:]+0xff6
C  [AppKit+0x8ba3ae]  -[NSWindow(NSEventRouting) sendEvent:]+0x21d
C  [libglass.dylib+0x25964]  -[GlassWindow_Normal sendEvent:]+0x74
C  [AppKit+0x75b2f4]  -[NSApplication(NSEvent) sendEvent:]+0x12a0
C  [AppKit+0x3b589]  -[NSApplication run]+0x3ea
C  [libglass.dylib+0x654c]  -[GlassApplication runLoop:]+0x72c
C  [Foundation+0x71f2a]  __NSThreadPerformPerform+0x146
C  [CoreFoundation+0xa44c1]  __CFRUNLOOP_IS_CALLING_OUT_TO_A_SOURCE0_PERFORM_FUNCTION__+0x11
C  [CoreFoundation+0x858cc]  __CFRunLoopDoSources0+0x22c
C  [CoreFoundation+0x84db6]  __CFRunLoopRun+0x3a6
C  [CoreFoundation+0x847b4]  CFRunLoopRunSpecific+0x1a4
C  [java+0x6465]  CreateExecutionEnvironment+0x367
C  [java+0x218c]  JLI_Launch+0x7a0
C  [java+0x84c2]  main+0x65
C  [java+0x19e4]  start+0x34
C  0x0000000000000008

Java frames: (J=compiled Java code, j=interpreted, Vv=VM code)
J 332  java.util.zip.ZipFile.getEntry(J[BZ)J (0 bytes) @ 0x00000001056f3c18 [0x00000001056f3bc0+0x58]
J 448 C1 java.util.zip.ZipFile.getInputStream(Ljava/util/zip/ZipEntry;)Ljava/io/InputStream; (304 bytes) @ 0x000000010574f98c [0x000000010574f600+0x38c]
j  org.apache.poi.openxml4j.util.ZipSecureFile.getInputStream(Ljava/util/zip/ZipEntry;)Ljava/io/InputStream;+2
j  org.apache.poi.openxml4j.util.ZipFileZipEntrySource.getInputStream(Ljava/util/zip/ZipEntry;)Ljava/io/InputStream;+22
j  org.apache.poi.openxml4j.opc.ZipPackagePart.getInputStreamImpl()Ljava/io/InputStream;+14
j  org.apache.poi.openxml4j.opc.PackagePart.getInputStream()Ljava/io/InputStream;+1
j  org.apache.poi.POIXMLProperties.<init>(Lorg/apache/poi/openxml4j/opc/OPCPackage;)V+69
j  org.apache.poi.POIXMLDocument.getProperties()Lorg/apache/poi/POIXMLProperties;+16
j  org.apache.poi.POIXMLDocument.write(Ljava/io/OutputStream;)V+20
j  Controller.barcodeNotFound(J)V+86
j  checkIfBarcodeExistsInDB(I)Z+86
j  incrementStock()V+15
j  Controller.addSubSet()V+34
v  ~StubRoutines::call_stub
j  sun.reflect.NativeMethodAccessorImpl.invoke0(Ljava/lang/reflect/Method;Ljava/lang/Object;[Ljava/lang/Object;)Ljava/lang/Object;+0
j  sun.reflect.NativeMethodAccessorImpl.invoke(Ljava/lang/Object;[Ljava/lang/Object;)Ljava/lang/Object;+100
J 842 C1 sun.reflect.DelegatingMethodAccessorImpl.invoke(Ljava/lang/Object;[Ljava/lang/Object;)Ljava/lang/Object; (10 bytes) @ 0x000000010584ac8c [0x000000010584ab80+0x10c]
J 841 C1 java.lang.reflect.Method.invoke(Ljava/lang/Object;[Ljava/lang/Object;)Ljava/lang/Object; (62 bytes) @ 0x000000010584b45c [0x000000010584b060+0x3fc]
j  sun.reflect.misc.Trampoline.invoke(Ljava/lang/reflect/Method;Ljava/lang/Object;[Ljava/lang/Object;)Ljava/lang/Object;+7
j  sun.reflect.GeneratedMethodAccessor1.invoke(Ljava/lang/Object;[Ljava/lang/Object;)Ljava/lang/Object;+40
J 842 C1 sun.reflect.DelegatingMethodAccessorImpl.invoke(Ljava/lang/Object;[Ljava/lang/Object;)Ljava/lang/Object; (10 bytes) @ 0x000000010584ac8c [0x000000010584ab80+0x10c]
J 841 C1 java.lang.reflect.Method.invoke(Ljava/lang/Object;[Ljava/lang/Object;)Ljava/lang/Object; (62 bytes) @ 0x000000010584b45c [0x000000010584b060+0x3fc]
j  sun.reflect.misc.MethodUtil.invoke(Ljava/lang/reflect/Method;Ljava/lang/Object;[Ljava/lang/Object;)Ljava/lang/Object;+20
j  javafx.fxml.FXMLLoader$MethodHandler.invoke([Ljava/lang/Object;)V+38
j  javafx.fxml.FXMLLoader$ControllerMethodEventHandler.handle(Ljavafx/event/Event;)V+12
j  com.sun.javafx.event.CompositeEventHandler.dispatchBubblingEvent(Ljavafx/event/Event;)V+51
J 2061 C1 com.sun.javafx.event.EventHandlerManager.dispatchBubblingEvent(Ljavafx/event/Event;)Ljavafx/event/Event; (23 bytes) @ 0x0000000105bab164 [0x0000000105baaac0+0x6a4]
J 2136 C1 com.sun.javafx.event.CompositeEventDispatcher.dispatchBubblingEvent(Ljavafx/event/Event;)Ljavafx/event/Event; (35 bytes) @ 0x0000000105bd701c [0x0000000105bd6e60+0x1bc]
J 2041 C1 com.sun.javafx.event.BasicEventDispatcher.dispatchEvent(Ljavafx/event/Event;Ljavafx/event/EventDispatchChain;)Ljavafx/event/Event; (44 bytes) @ 0x0000000105b9be7c [0x0000000105b9bb40+0x33c]
J 1777 C1 com.sun.javafx.event.EventDispatchChainImpl.dispatchEvent(Ljavafx/event/Event;)Ljavafx/event/Event; (101 bytes) @ 0x0000000105ad9214 [0x0000000105ad9060+0x1b4]
J 2041 C1 com.sun.javafx.event.BasicEventDispatcher.dispatchEvent(Ljavafx/event/Event;Ljavafx/event/EventDispatchChain;)Ljavafx/event/Event; (44 bytes) @ 0x0000000105b9bd94 [0x0000000105b9bb40+0x254]
J 1777 C1 com.sun.javafx.event.EventDispatchChainImpl.dispatchEvent(Ljavafx/event/Event;)Ljavafx/event/Event; (101 bytes) @ 0x0000000105ad9214 [0x0000000105ad9060+0x1b4]
J 2041 C1 com.sun.javafx.event.BasicEventDispatcher.dispatchEvent(Ljavafx/event/Event;Ljavafx/event/EventDispatchChain;)Ljavafx/event/Event; (44 bytes) @ 0x0000000105b9bd94 [0x0000000105b9bb40+0x254]
J 1777 C1 com.sun.javafx.event.EventDispatchChainImpl.dispatchEvent(Ljavafx/event/Event;)Ljavafx/event/Event; (101 bytes) @ 0x0000000105ad9214 [0x0000000105ad9060+0x1b4]
J 2296 C1 com.sun.javafx.event.EventUtil.fireEvent(Ljavafx/event/EventTarget;Ljavafx/event/Event;)Ljavafx/event/Event; (81 bytes) @ 0x0000000105c37eac [0x0000000105c372c0+0xbec]
J 2295 C1 javafx.event.Event.fireEvent(Ljavafx/event/EventTarget;Ljavafx/event/Event;)V (35 bytes) @ 0x0000000105c3666c [0x0000000105c365a0+0xcc]
j  javafx.scene.Node.fireEvent(Ljavafx/event/Event;)V+86
j  com.sun.javafx.scene.control.behavior.TextFieldBehavior.fire(Ljavafx/scene/input/KeyEvent;)V+27
j  com.sun.javafx.scene.control.behavior.TextInputControlBehavior.callAction(Ljava/lang/String;)V+574
j  com.sun.javafx.scene.control.behavior.BehaviorBase.callActionForEvent(Ljavafx/scene/input/KeyEvent;)V+12
j  com.sun.javafx.scene.control.behavior.TextInputControlBehavior.callActionForEvent(Ljavafx/scene/input/KeyEvent;)V+7
j  com.sun.javafx.scene.control.behavior.BehaviorBase.lambda$new$74(Ljavafx/scene/input/KeyEvent;)V+9
j  com.sun.javafx.scene.control.behavior.BehaviorBase$$Lambda$164.handle(Ljavafx/event/Event;)V+8
j  com.sun.javafx.event.CompositeEventHandler$NormalEventHandlerRecord.handleBubblingEvent(Ljavafx/event/Event;)V+5
j  com.sun.javafx.event.CompositeEventHandler.dispatchBubblingEvent(Ljavafx/event/Event;)V+28
J 2061 C1 com.sun.javafx.event.EventHandlerManager.dispatchBubblingEvent(Ljavafx/event/Event;)Ljavafx/event/Event; (23 bytes) @ 0x0000000105bab164 [0x0000000105baaac0+0x6a4]
J 2136 C1 com.sun.javafx.event.CompositeEventDispatcher.dispatchBubblingEvent(Ljavafx/event/Event;)Ljavafx/event/Event; (35 bytes) @ 0x0000000105bd701c [0x0000000105bd6e60+0x1bc]
J 2041 C1 com.sun.javafx.event.BasicEventDispatcher.dispatchEvent(Ljavafx/event/Event;Ljavafx/event/EventDispatchChain;)Ljavafx/event/Event; (44 bytes) @ 0x0000000105b9be7c [0x0000000105b9bb40+0x33c]
J 1777 C1 com.sun.javafx.event.EventDispatchChainImpl.dispatchEvent(Ljavafx/event/Event;)Ljavafx/event/Event; (101 bytes) @ 0x0000000105ad9214 [0x0000000105ad9060+0x1b4]
J 2041 C1 com.sun.javafx.event.BasicEventDispatcher.dispatchEvent(Ljavafx/event/Event;Ljavafx/event/EventDispatchChain;)Ljavafx/event/Event; (44 bytes) @ 0x0000000105b9bd94 [0x0000000105b9bb40+0x254]
J 1777 C1 com.sun.javafx.event.EventDispatchChainImpl.dispatchEvent(Ljavafx/event/Event;)Ljavafx/event/Event; (101 bytes) @ 0x0000000105ad9214 [0x0000000105ad9060+0x1b4]
J 2041 C1 com.sun.javafx.event.BasicEventDispatcher.dispatchEvent(Ljavafx/event/Event;Ljavafx/event/EventDispatchChain;)Ljavafx/event/Event; (44 bytes) @ 0x0000000105b9bd94 [0x0000000105b9bb40+0x254]
J 1777 C1 com.sun.javafx.event.EventDispatchChainImpl.dispatchEvent(Ljavafx/event/Event;)Ljavafx/event/Event; (101 bytes) @ 0x0000000105ad9214 [0x0000000105ad9060+0x1b4]
J 2296 C1 com.sun.javafx.event.EventUtil.fireEvent(Ljavafx/event/EventTarget;Ljavafx/event/Event;)Ljavafx/event/Event; (81 bytes) @ 0x0000000105c379fc [0x0000000105c372c0+0x73c]
J 2295 C1 javafx.event.Event.fireEvent(Ljavafx/event/EventTarget;Ljavafx/event/Event;)V (35 bytes) @ 0x0000000105c3666c [0x0000000105c365a0+0xcc]
j  javafx.scene.Scene$KeyHandler.process(Ljavafx/scene/input/KeyEvent;)V+23
j  javafx.scene.Scene$KeyHandler.access$1800(Ljavafx/scene/Scene$KeyHandler;Ljavafx/scene/input/KeyEvent;)V+2
j  javafx.scene.Scene.impl_processKeyEvent(Ljavafx/scene/input/KeyEvent;)V+28
j  javafx.scene.Scene$ScenePeerListener.keyEvent(Ljavafx/scene/input/KeyEvent;)V+5
j  com.sun.javafx.tk.quantum.GlassViewEventHandler$KeyEventNotification.run()Ljava/lang/Void;+357
j  com.sun.javafx.tk.quantum.GlassViewEventHandler$KeyEventNotification.run()Ljava/lang/Object;+1
v  ~StubRoutines::call_stub
J 2039  java.security.AccessController.doPrivileged(Ljava/security/PrivilegedAction;Ljava/security/AccessControlContext;)Ljava/lang/Object; (0 bytes) @ 0x0000000105b9b7e3 [0x0000000105b9b780+0x63]
j  com.sun.javafx.tk.quantum.GlassViewEventHandler.lambda$handleKeyEvent$353()Ljava/lang/Void;+11
j  com.sun.javafx.tk.quantum.GlassViewEventHandler$$Lambda$345.get()Ljava/lang/Object;+4
j  com.sun.javafx.tk.quantum.QuantumToolkit.runWithoutRenderLock(Ljava/util/function/Supplier;)Ljava/lang/Object;+18
j  com.sun.javafx.tk.quantum.GlassViewEventHandler.handleKeyEvent(Lcom/sun/glass/ui/View;JII[CI)V+58
j  com.sun.glass.ui.View.handleKeyEvent(JII[CI)V+20
j  com.sun.glass.ui.View.notifyKey(II[CI)V+9
v  ~StubRoutines::call_stub

---------------  P R O C E S S  ---------------

Java Threads: ( => current thread )
  0x00007f933bc9d000 JavaThread "Abandoned connection cleanup thread" daemon [_thread_blocked, id=74371, stack(0x0000700006656000,0x0000700006756000)]
  0x00007f9337962800 JavaThread "Prism Font Disposer" daemon [_thread_blocked, id=57443, stack(0x00007000063ca000,0x00007000064ca000)]
  0x00007f933ba73800 JavaThread "Thread-4" daemon [_thread_in_native, id=41731, stack(0x00007000062c4000,0x0000700006344000)]
=>0x00007f933b004000 JavaThread "JavaFX Application Thread" [_thread_in_native, id=775, stack(0x00007fff5c285000,0x00007fff5ca85000)]
  0x00007f933a0e3800 JavaThread "Thread-2" daemon [_thread_blocked, id=28931, stack(0x0000700006038000,0x0000700006138000)]
  0x00007f93378b9000 JavaThread "QuantumRenderer-0" daemon [_thread_blocked, id=23555, stack(0x0000700005f35000,0x0000700006035000)]
  0x00007f933a0c2800 JavaThread "JavaFX-Launcher" [_thread_blocked, id=23043, stack(0x0000700005e32000,0x0000700005f32000)]
  0x00007f933a07d000 JavaThread "Monitor Ctrl-Break" daemon [_thread_in_native, id=22531, stack(0x0000700005d2f000,0x0000700005e2f000)]
  0x00007f9338019000 JavaThread "Service Thread" daemon [_thread_blocked, id=21507, stack(0x0000700005b29000,0x0000700005c29000)]
  0x00007f933b80f800 JavaThread "C1 CompilerThread3" daemon [_thread_blocked, id=20995, stack(0x0000700005a26000,0x0000700005b26000)]
  0x00007f9337854800 JavaThread "C2 CompilerThread2" daemon [_thread_blocked, id=20483, stack(0x0000700005923000,0x0000700005a23000)]
  0x00007f933a801800 JavaThread "C2 CompilerThread1" daemon [_thread_blocked, id=19971, stack(0x0000700005820000,0x0000700005920000)]
  0x00007f9339801000 JavaThread "C2 CompilerThread0" daemon [_thread_blocked, id=19459, stack(0x000070000571d000,0x000070000581d000)]
  0x00007f933a005000 JavaThread "Signal Dispatcher" daemon [_thread_blocked, id=18947, stack(0x000070000561a000,0x000070000571a000)]
  0x00007f933a003800 JavaThread "Finalizer" daemon [_thread_blocked, id=14595, stack(0x0000700005494000,0x0000700005594000)]
  0x00007f9338011000 JavaThread "Reference Handler" daemon [_thread_blocked, id=14083, stack(0x0000700005391000,0x0000700005491000)]
  0x00007f933b800000 JavaThread "main" [_thread_blocked, id=7171, stack(0x0000700004973000,0x0000700004a73000)]

Other Threads:
  0x00007f933800c800 VMThread [stack: 0x000070000528e000,0x000070000538e000] [id=13571]
  0x00007f933801b000 WatcherThread [stack: 0x0000700005c2c000,0x0000700005d2c000] [id=22019]

VM state:not at safepoint (normal execution)

VM Mutex/Monitor currently owned by a thread: None

Heap:
 PSYoungGen      total 76288K, used 32047K [0x000000076ab00000, 0x0000000770000000, 0x00000007c0000000)
  eden space 65536K, 48% used [0x000000076ab00000,0x000000076ca4bc08,0x000000076eb00000)
  from space 10752K, 0% used [0x000000076eb00000,0x000000076eb00000,0x000000076f580000)
  to   space 10752K, 0% used [0x000000076f580000,0x000000076f580000,0x0000000770000000)
 ParOldGen       total 78336K, used 10467K [0x00000006c0000000, 0x00000006c4c80000, 0x000000076ab00000)
  object space 78336K, 13% used [0x00000006c0000000,0x00000006c0a38c10,0x00000006c4c80000)
 Metaspace       used 27080K, capacity 28226K, committed 28416K, reserved 1073152K
  class space    used 3746K, capacity 4008K, committed 4096K, reserved 1048576K

Card table byte_map: [0x000000011490c000,0x000000011510d000] byte_map_base: 0x000000011130c000

Marking Bits: (ParMarkBitMap*) 0x0000000104aedd20
 Begin Bits: [0x0000000115663000, 0x0000000119663000)
 End Bits:   [0x0000000119663000, 0x000000011d663000)

Polling page: 0x00000001031f8000

CodeCache: size=245760Kb used=8577Kb max_used=8577Kb free=237182Kb
 bounds [0x000000010554c000, 0x0000000105dbc000, 0x000000011454c000]
 total_blobs=3538 nmethods=2809 adapters=642
 compilation: enabled

Compilation events (10 events):
Event: 15.978 Thread 0x00007f933b80f800 2805       3       org.apache.xmlbeans.QNameSet::forSets (201 bytes)
Event: 15.978 Thread 0x00007f933b80f800 nmethod 2805 0x0000000105da7990 code [0x0000000105da7c60, 0x0000000105da8e18]
Event: 15.978 Thread 0x00007f933b80f800 2806       3       org.apache.xmlbeans.impl.schema.SchemaTypeSystemImpl$XsbReader::readXmlValueObject (350 bytes)
Event: 15.980 Thread 0x00007f933b80f800 nmethod 2806 0x0000000105da9350 code [0x0000000105da9880, 0x0000000105dac978]
Event: 15.981 Thread 0x00007f933b80f800 2807       3       java.util.jar.Attributes$Name::equals (39 bytes)
Event: 15.981 Thread 0x00007f933b80f800 nmethod 2807 0x0000000105dae810 code [0x0000000105dae9a0, 0x0000000105daee48]
Event: 15.982 Thread 0x00007f933b80f800 2808       3       sun.reflect.NativeMethodAccessorImpl::invoke (104 bytes)
Event: 15.983 Thread 0x00007f933b80f800 nmethod 2808 0x0000000105daf350 code [0x0000000105daf5c0, 0x0000000105db0a78]
Event: 15.983 Thread 0x00007f933b80f800 2810       1       java.io.FilePermission::access$000 (5 bytes)
Event: 15.983 Thread 0x00007f933b80f800 nmethod 2810 0x0000000105db1310 code [0x0000000105db1460, 0x0000000105db1550]

GC Heap History (4 events):
Event: 15.395 GC heap before
{Heap before GC invocations=1 (full 0):
 PSYoungGen      total 76288K, used 57636K [0x000000076ab00000, 0x0000000770000000, 0x00000007c0000000)
  eden space 65536K, 87% used [0x000000076ab00000,0x000000076e3493f0,0x000000076eb00000)
  from space 10752K, 0% used [0x000000076f580000,0x000000076f580000,0x0000000770000000)
  to   space 10752K, 0% used [0x000000076eb00000,0x000000076eb00000,0x000000076f580000)
 ParOldGen       total 175104K, used 0K [0x00000006c0000000, 0x00000006cab00000, 0x000000076ab00000)
  object space 175104K, 0% used [0x00000006c0000000,0x00000006c0000000,0x00000006cab00000)
 Metaspace       used 20026K, capacity 21218K, committed 21296K, reserved 1067008K
  class space    used 2874K, capacity 3144K, committed 3200K, reserved 1048576K
Event: 15.405 GC heap after
Heap after GC invocations=1 (full 0):
 PSYoungGen      total 76288K, used 10560K [0x000000076ab00000, 0x0000000770000000, 0x00000007c0000000)
  eden space 65536K, 0% used [0x000000076ab00000,0x000000076ab00000,0x000000076eb00000)
  from space 10752K, 98% used [0x000000076eb00000,0x000000076f550038,0x000000076f580000)
  to   space 10752K, 0% used [0x000000076f580000,0x000000076f580000,0x0000000770000000)
 ParOldGen       total 175104K, used 2136K [0x00000006c0000000, 0x00000006cab00000, 0x000000076ab00000)
  object space 175104K, 1% used [0x00000006c0000000,0x00000006c0216020,0x00000006cab00000)
 Metaspace       used 20026K, capacity 21218K, committed 21296K, reserved 1067008K
  class space    used 2874K, capacity 3144K, committed 3200K, reserved 1048576K
}
Event: 15.405 GC heap before
{Heap before GC invocations=2 (full 1):
 PSYoungGen      total 76288K, used 10560K [0x000000076ab00000, 0x0000000770000000, 0x00000007c0000000)
  eden space 65536K, 0% used [0x000000076ab00000,0x000000076ab00000,0x000000076eb00000)
  from space 10752K, 98% used [0x000000076eb00000,0x000000076f550038,0x000000076f580000)
  to   space 10752K, 0% used [0x000000076f580000,0x000000076f580000,0x0000000770000000)
 ParOldGen       total 175104K, used 2136K [0x00000006c0000000, 0x00000006cab00000, 0x000000076ab00000)
  object space 175104K, 1% used [0x00000006c0000000,0x00000006c0216020,0x00000006cab00000)
 Metaspace       used 20026K, capacity 21218K, committed 21296K, reserved 1067008K
  class space    used 2874K, capacity 3144K, committed 3200K, reserved 1048576K
Event: 15.439 GC heap after
Heap after GC invocations=2 (full 1):
 PSYoungGen      total 76288K, used 0K [0x000000076ab00000, 0x0000000770000000, 0x00000007c0000000)
  eden space 65536K, 0% used [0x000000076ab00000,0x000000076ab00000,0x000000076eb00000)
  from space 10752K, 0% used [0x000000076eb00000,0x000000076eb00000,0x000000076f580000)
  to   space 10752K, 0% used [0x000000076f580000,0x000000076f580000,0x0000000770000000)
 ParOldGen       total 78336K, used 10467K [0x00000006c0000000, 0x00000006c4c80000, 0x000000076ab00000)
  object space 78336K, 13% used [0x00000006c0000000,0x00000006c0a38c10,0x00000006c4c80000)
 Metaspace       used 20026K, capacity 21218K, committed 21296K, reserved 1067008K
  class space    used 2874K, capacity 3144K, committed 3200K, reserved 1048576K
}

Deoptimization events (10 events):
Event: 15.801 Thread 0x00007f933b004000 Uncommon trap: reason=unstable_if action=reinterpret pc=0x0000000105c6a680 method=java.util.Properties$LineReader.readLine()I @ 328
Event: 15.816 Thread 0x00007f933b004000 Uncommon trap: reason=class_check action=maybe_recompile pc=0x00000001059e0a14 method=java.io.FilterInputStream.read()I @ 4
Event: 15.816 Thread 0x00007f933b004000 Uncommon trap: reason=class_check action=maybe_recompile pc=0x00000001059e0a14 method=java.io.FilterInputStream.read()I @ 4
Event: 15.817 Thread 0x00007f933b004000 Uncommon trap: reason=class_check action=maybe_recompile pc=0x00000001059e0a14 method=java.io.FilterInputStream.read()I @ 4
Event: 15.817 Thread 0x00007f933b004000 Uncommon trap: reason=class_check action=maybe_recompile pc=0x00000001059e0a14 method=java.io.FilterInputStream.read()I @ 4
Event: 15.847 Thread 0x00007f933b004000 Uncommon trap: reason=bimorphic action=maybe_recompile pc=0x00000001058b8e54 method=java.io.DataInputStream.readShort()S @ 4
Event: 15.848 Thread 0x00007f933b004000 Uncommon trap: reason=bimorphic action=maybe_recompile pc=0x00000001058b8e54 method=java.io.DataInputStream.readShort()S @ 4
Event: 15.848 Thread 0x00007f933b004000 Uncommon trap: reason=bimorphic action=maybe_recompile pc=0x00000001058b8e54 method=java.io.DataInputStream.readShort()S @ 4
Event: 15.848 Thread 0x00007f933b004000 Uncommon trap: reason=bimorphic action=maybe_recompile pc=0x00000001058b8e54 method=java.io.DataInputStream.readShort()S @ 4
Event: 15.874 Thread 0x00007f933b004000 Uncommon trap: reason=unstable_if action=reinterpret pc=0x0000000105d4866c method=org.apache.xmlbeans.impl.schema.SchemaTypeSystemImpl$StringPool.stringForCode(I)Ljava/lang/String; @ 1

Internal exceptions (10 events):
Event: 15.800 Thread 0x00007f933b004000 Exception <a 'java/security/PrivilegedActionException'> (0x000000076bc14c08) thrown at [/HUDSON3/workspace/8-2-build-macosx-x86_64/jdk8u101/7261/hotspot/src/share/vm/prims/jvm.cpp, line 1386]
Event: 15.800 Thread 0x00007f933b004000 Exception <a 'java/security/PrivilegedActionException'> (0x000000076bc153d0) thrown at [/HUDSON3/workspace/8-2-build-macosx-x86_64/jdk8u101/7261/hotspot/src/share/vm/prims/jvm.cpp, line 1386]
Event: 15.801 Thread 0x00007f933b004000 Exception <a 'java/security/PrivilegedActionException'> (0x000000076bc29c60) thrown at [/HUDSON3/workspace/8-2-build-macosx-x86_64/jdk8u101/7261/hotspot/src/share/vm/prims/jvm.cpp, line 1386]
Event: 15.801 Thread 0x00007f933b004000 Exception <a 'java/security/PrivilegedActionException'> (0x000000076bc2a428) thrown at [/HUDSON3/workspace/8-2-build-macosx-x86_64/jdk8u101/7261/hotspot/src/share/vm/prims/jvm.cpp, line 1386]
Event: 15.801 Thread 0x00007f933b004000 Exception <a 'java/security/PrivilegedActionException'> (0x000000076bc312d8) thrown at [/HUDSON3/workspace/8-2-build-macosx-x86_64/jdk8u101/7261/hotspot/src/share/vm/prims/jvm.cpp, line 1386]
Event: 15.801 Thread 0x00007f933b004000 Exception <a 'java/security/PrivilegedActionException'> (0x000000076bc31aa0) thrown at [/HUDSON3/workspace/8-2-build-macosx-x86_64/jdk8u101/7261/hotspot/src/share/vm/prims/jvm.cpp, line 1386]
Event: 15.801 Thread 0x00007f933b004000 Exception <a 'java/security/PrivilegedActionException'> (0x000000076bc38b80) thrown at [/HUDSON3/workspace/8-2-build-macosx-x86_64/jdk8u101/7261/hotspot/src/share/vm/prims/jvm.cpp, line 1386]
Event: 15.801 Thread 0x00007f933b004000 Exception <a 'java/security/PrivilegedActionException'> (0x000000076bc39348) thrown at [/HUDSON3/workspace/8-2-build-macosx-x86_64/jdk8u101/7261/hotspot/src/share/vm/prims/jvm.cpp, line 1386]
Event: 15.802 Thread 0x00007f933b004000 Exception <a 'java/security/PrivilegedActionException'> (0x000000076bc403f8) thrown at [/HUDSON3/workspace/8-2-build-macosx-x86_64/jdk8u101/7261/hotspot/src/share/vm/prims/jvm.cpp, line 1386]
Event: 15.802 Thread 0x00007f933b004000 Exception <a 'java/security/PrivilegedActionException'> (0x000000076bc40bc0) thrown at [/HUDSON3/workspace/8-2-build-macosx-x86_64/jdk8u101/7261/hotspot/src/share/vm/prims/jvm.cpp, line 1386]

Events (10 events):
Event: 15.981 loading class org/openxmlformats/schemas/officeDocument/x2006/customProperties/PropertiesDocument
Event: 15.981 loading class org/openxmlformats/schemas/officeDocument/x2006/customProperties/PropertiesDocument done
Event: 15.982 loading class org/openxmlformats/schemas/officeDocument/x2006/customProperties/impl/PropertiesDocumentImpl
Event: 15.982 loading class org/openxmlformats/schemas/officeDocument/x2006/customProperties/impl/PropertiesDocumentImpl done
Event: 15.982 loading class org/openxmlformats/schemas/officeDocument/x2006/customProperties/impl/CTPropertiesImpl
Event: 15.982 loading class org/openxmlformats/schemas/officeDocument/x2006/customProperties/impl/CTPropertiesImpl done
Event: 15.983 loading class org/openxmlformats/schemas/officeDocument/x2006/customProperties/CTProperties
Event: 15.983 loading class org/openxmlformats/schemas/officeDocument/x2006/customProperties/CTProperties done
Event: 15.983 loading class org/apache/poi/POIXMLProperties$CoreProperties
Event: 15.983 loading class org/apache/poi/POIXMLProperties$CoreProperties done


Dynamic libraries:
0x000000004bcb8000 	/System/Library/Frameworks/Cocoa.framework/Versions/A/Cocoa
0x000000004bcb8000 	/System/Library/Frameworks/Security.framework/Versions/A/Security
0x000000004bcb8000 	/System/Library/Frameworks/ApplicationServices.framework/Versions/A/ApplicationServices
0x000000004bcb8000 	/usr/lib/libz.1.dylib
0x000000004bcb8000 	/usr/lib/libSystem.B.dylib
0x000000004bcb8000 	/usr/lib/libobjc.A.dylib
0x000000004bcb8000 	/System/Library/Frameworks/CoreFoundation.framework/Versions/A/CoreFoundation
0x000000004bcb8000 	/System/Library/Frameworks/Foundation.framework/Versions/C/Foundation
0x000000004bcb8000 	/System/Library/Frameworks/AppKit.framework/Versions/C/AppKit
0x000000004bcb8000 	/System/Library/Frameworks/CoreData.framework/Versions/A/CoreData
0x000000004bcb8000 	/System/Library/PrivateFrameworks/RemoteViewServices.framework/Versions/A/RemoteViewServices
0x000000004bcb8000 	/System/Library/PrivateFrameworks/UIFoundation.framework/Versions/A/UIFoundation
0x000000004bcb8000 	/usr/lib/libenergytrace.dylib
0x000000004bcb8000 	/System/Library/PrivateFrameworks/SkyLight.framework/Versions/A/SkyLight
0x000000004bcb8000 	/System/Library/Frameworks/CoreGraphics.framework/Versions/A/CoreGraphics
0x000000004bcb8000 	/usr/lib/libScreenReader.dylib
0x000000004bcb8000 	/System/Library/Frameworks/Accelerate.framework/Versions/A/Accelerate
0x000000004bcb8000 	/System/Library/Frameworks/IOSurface.framework/Versions/A/IOSurface
0x000000004bcb8000 	/System/Library/Frameworks/AudioToolbox.framework/Versions/A/AudioToolbox
0x000000004bcb8000 	/System/Library/Frameworks/AudioUnit.framework/Versions/A/AudioUnit
0x000000004bcb8000 	/System/Library/PrivateFrameworks/DataDetectorsCore.framework/Versions/A/DataDetectorsCore
0x000000004bcb8000 	/System/Library/PrivateFrameworks/DesktopServicesPriv.framework/Versions/A/DesktopServicesPriv
0x000000004bcb8000 	/System/Library/Frameworks/Carbon.framework/Versions/A/Frameworks/HIToolbox.framework/Versions/A/HIToolbox
0x000000004bcb8000 	/usr/lib/libicucore.A.dylib
0x000000004bcb8000 	/System/Library/Frameworks/QuartzCore.framework/Versions/A/QuartzCore
0x000000004bcb8000 	/System/Library/Frameworks/Carbon.framework/Versions/A/Frameworks/SpeechRecognition.framework/Versions/A/SpeechRecognition
0x000000004bcb8000 	/usr/lib/libauto.dylib
0x000000004bcb8000 	/usr/lib/libxml2.2.dylib
0x000000004bcb8000 	/System/Library/PrivateFrameworks/CoreUI.framework/Versions/A/CoreUI
0x000000004bcb8000 	/System/Library/Frameworks/CoreAudio.framework/Versions/A/CoreAudio
0x000000004bcb8000 	/System/Library/Frameworks/DiskArbitration.framework/Versions/A/DiskArbitration
0x000000004bcb8000 	/usr/lib/liblangid.dylib
0x000000004bcb8000 	/System/Library/PrivateFrameworks/MultitouchSupport.framework/Versions/A/MultitouchSupport
0x000000004bcb8000 	/System/Library/Frameworks/IOKit.framework/Versions/A/IOKit
0x000000004bcb8000 	/usr/lib/libDiagnosticMessagesClient.dylib
0x000000004bcb8000 	/System/Library/Frameworks/CoreServices.framework/Versions/A/CoreServices
0x000000004bcb8000 	/System/Library/PrivateFrameworks/PerformanceAnalysis.framework/Versions/A/PerformanceAnalysis
0x000000004bcb8000 	/System/Library/PrivateFrameworks/GenerationalStorage.framework/Versions/A/GenerationalStorage
0x000000004bcb8000 	/System/Library/Frameworks/OpenGL.framework/Versions/A/OpenGL
0x000000004bcb8000 	/System/Library/Frameworks/CoreImage.framework/Versions/A/CoreImage
0x000000004bcb8000 	/System/Library/Frameworks/CoreText.framework/Versions/A/CoreText
0x000000004bcb8000 	/System/Library/Frameworks/ImageIO.framework/Versions/A/ImageIO
0x000000004bcb8000 	/System/Library/PrivateFrameworks/Backup.framework/Versions/A/Backup
0x000000004bcb8000 	/usr/lib/libarchive.2.dylib
0x000000004bcb8000 	/System/Library/Frameworks/CFNetwork.framework/Versions/A/CFNetwork
0x000000004bcb8000 	/System/Library/Frameworks/SystemConfiguration.framework/Versions/A/SystemConfiguration
0x000000004bcb8000 	/usr/lib/libCRFSuite.dylib
0x000000004bcb8000 	/usr/lib/libc++.1.dylib
0x000000004bcb8000 	/usr/lib/libc++abi.dylib
0x000000004bcb8000 	/usr/lib/system/libcache.dylib
0x000000004bcb8000 	/usr/lib/system/libcommonCrypto.dylib
0x000000004bcb8000 	/usr/lib/system/libcompiler_rt.dylib
0x000000004bcb8000 	/usr/lib/system/libcopyfile.dylib
0x000000004bcb8000 	/usr/lib/system/libcorecrypto.dylib
0x000000004bcb8000 	/usr/lib/system/libdispatch.dylib
0x000000004bcb8000 	/usr/lib/system/libdyld.dylib
0x000000004bcb8000 	/usr/lib/system/libkeymgr.dylib
0x000000004bcb8000 	/usr/lib/system/liblaunch.dylib
0x000000004bcb8000 	/usr/lib/system/libmacho.dylib
0x000000004bcb8000 	/usr/lib/system/libquarantine.dylib
0x000000004bcb8000 	/usr/lib/system/libremovefile.dylib
0x000000004bcb8000 	/usr/lib/system/libsystem_asl.dylib
0x000000004bcb8000 	/usr/lib/system/libsystem_blocks.dylib
0x000000004bcb8000 	/usr/lib/system/libsystem_c.dylib
0x000000004bcb8000 	/usr/lib/system/libsystem_configuration.dylib
0x000000004bcb8000 	/usr/lib/system/libsystem_coreservices.dylib
0x000000004bcb8000 	/usr/lib/system/libsystem_coretls.dylib
0x000000004bcb8000 	/usr/lib/system/libsystem_dnssd.dylib
0x000000004bcb8000 	/usr/lib/system/libsystem_info.dylib
0x000000004bcb8000 	/usr/lib/system/libsystem_kernel.dylib
0x000000004bcb8000 	/usr/lib/system/libsystem_m.dylib
0x000000004bcb8000 	/usr/lib/system/libsystem_malloc.dylib
0x000000004bcb8000 	/usr/lib/system/libsystem_network.dylib
0x000000004bcb8000 	/usr/lib/system/libsystem_networkextension.dylib
0x000000004bcb8000 	/usr/lib/system/libsystem_notify.dylib
0x000000004bcb8000 	/usr/lib/system/libsystem_platform.dylib
0x000000004bcb8000 	/usr/lib/system/libsystem_pthread.dylib
0x000000004bcb8000 	/usr/lib/system/libsystem_sandbox.dylib
0x000000004bcb8000 	/usr/lib/system/libsystem_secinit.dylib
0x000000004bcb8000 	/usr/lib/system/libsystem_symptoms.dylib
0x000000004bcb8000 	/usr/lib/system/libsystem_trace.dylib
0x000000004bcb8000 	/usr/lib/system/libunwind.dylib
0x000000004bcb8000 	/usr/lib/system/libxpc.dylib
0x000000004bcb8000 	/usr/lib/libbsm.0.dylib
0x000000004bcb8000 	/usr/lib/system/libkxld.dylib
0x000000004bcb8000 	/usr/lib/libcoretls.dylib
0x000000004bcb8000 	/usr/lib/libcoretls_cfhelpers.dylib
0x000000004bcb8000 	/usr/lib/libxar.1.dylib
0x000000004bcb8000 	/usr/lib/libsqlite3.dylib
0x000000004bcb8000 	/usr/lib/libpam.2.dylib
0x000000004bcb8000 	/usr/lib/libOpenScriptingUtil.dylib
0x000000004bcb8000 	/usr/lib/libbz2.1.0.dylib
0x000000004bcb8000 	/usr/lib/liblzma.5.dylib
0x000000004bcb8000 	/usr/lib/libnetwork.dylib
0x000000004bcb8000 	/usr/lib/libpcap.A.dylib
0x000000004bcb8000 	/System/Library/Frameworks/CoreServices.framework/Versions/A/Frameworks/FSEvents.framework/Versions/A/FSEvents
0x000000004bcb8000 	/System/Library/Frameworks/CoreServices.framework/Versions/A/Frameworks/CarbonCore.framework/Versions/A/CarbonCore
0x000000004bcb8000 	/System/Library/Frameworks/CoreServices.framework/Versions/A/Frameworks/Metadata.framework/Versions/A/Metadata
0x000000004bcb8000 	/System/Library/Frameworks/CoreServices.framework/Versions/A/Frameworks/OSServices.framework/Versions/A/OSServices
0x000000004bcb8000 	/System/Library/Frameworks/CoreServices.framework/Versions/A/Frameworks/SearchKit.framework/Versions/A/SearchKit
0x000000004bcb8000 	/System/Library/Frameworks/CoreServices.framework/Versions/A/Frameworks/AE.framework/Versions/A/AE
0x000000004bcb8000 	/System/Library/Frameworks/CoreServices.framework/Versions/A/Frameworks/LaunchServices.framework/Versions/A/LaunchServices
0x000000004bcb8000 	/System/Library/Frameworks/CoreServices.framework/Versions/A/Frameworks/DictionaryServices.framework/Versions/A/DictionaryServices
0x000000004bcb8000 	/System/Library/Frameworks/CoreServices.framework/Versions/A/Frameworks/SharedFileList.framework/Versions/A/SharedFileList
0x000000004bcb8000 	/System/Library/Frameworks/NetFS.framework/Versions/A/NetFS
0x000000004bcb8000 	/System/Library/PrivateFrameworks/NetAuth.framework/Versions/A/NetAuth
0x000000004bcb8000 	/System/Library/PrivateFrameworks/login.framework/Versions/A/Frameworks/loginsupport.framework/Versions/A/loginsupport
0x000000004bcb8000 	/System/Library/PrivateFrameworks/TCC.framework/Versions/A/TCC
0x000000004bcb8000 	/usr/lib/libmecabra.dylib
0x000000004bcb8000 	/System/Library/Frameworks/ApplicationServices.framework/Versions/A/Frameworks/ATS.framework/Versions/A/ATS
0x000000004bcb8000 	/System/Library/Frameworks/ApplicationServices.framework/Versions/A/Frameworks/ColorSync.framework/Versions/A/ColorSync
0x000000004bcb8000 	/System/Library/Frameworks/ApplicationServices.framework/Versions/A/Frameworks/HIServices.framework/Versions/A/HIServices
0x000000004bcb8000 	/System/Library/Frameworks/ApplicationServices.framework/Versions/A/Frameworks/LangAnalysis.framework/Versions/A/LangAnalysis
0x000000004bcb8000 	/System/Library/Frameworks/ApplicationServices.framework/Versions/A/Frameworks/PrintCore.framework/Versions/A/PrintCore
0x000000004bcb8000 	/System/Library/Frameworks/ApplicationServices.framework/Versions/A/Frameworks/QD.framework/Versions/A/QD
0x000000004bcb8000 	/System/Library/Frameworks/ApplicationServices.framework/Versions/A/Frameworks/SpeechSynthesis.framework/Versions/A/SpeechSynthesis
0x000000004bcb8000 	/System/Library/Frameworks/Accelerate.framework/Versions/A/Frameworks/vImage.framework/Versions/A/vImage
0x000000004bcb8000 	/System/Library/Frameworks/Accelerate.framework/Versions/A/Frameworks/vecLib.framework/Versions/A/vecLib
0x000000004bcb8000 	/System/Library/Frameworks/Accelerate.framework/Versions/A/Frameworks/vecLib.framework/Versions/A/libvDSP.dylib
0x000000004bcb8000 	/System/Library/Frameworks/Accelerate.framework/Versions/A/Frameworks/vecLib.framework/Versions/A/libBNNS.dylib
0x000000004bcb8000 	/System/Library/Frameworks/Accelerate.framework/Versions/A/Frameworks/vecLib.framework/Versions/A/libQuadrature.dylib
0x000000004bcb8000 	/System/Library/Frameworks/Accelerate.framework/Versions/A/Frameworks/vecLib.framework/Versions/A/libvMisc.dylib
0x000000004bcb8000 	/System/Library/Frameworks/Accelerate.framework/Versions/A/Frameworks/vecLib.framework/Versions/A/libLAPACK.dylib
0x000000004bcb8000 	/System/Library/Frameworks/Accelerate.framework/Versions/A/Frameworks/vecLib.framework/Versions/A/libBLAS.dylib
0x000000004bcb8000 	/System/Library/Frameworks/Accelerate.framework/Versions/A/Frameworks/vecLib.framework/Versions/A/libLinearAlgebra.dylib
0x000000004bcb8000 	/System/Library/Frameworks/Accelerate.framework/Versions/A/Frameworks/vecLib.framework/Versions/A/libSparseBLAS.dylib
0x000000004bcb8000 	/System/Library/Frameworks/ApplicationServices.framework/Versions/A/Frameworks/ATS.framework/Versions/A/Resources/libFontParser.dylib
0x000000004bcb8000 	/System/Library/Frameworks/ApplicationServices.framework/Versions/A/Frameworks/ATS.framework/Versions/A/Resources/libFontRegistry.dylib
0x000000004bcb8000 	/System/Library/Frameworks/ImageIO.framework/Versions/A/Resources/libJPEG.dylib
0x000000004bcb8000 	/System/Library/Frameworks/ImageIO.framework/Versions/A/Resources/libTIFF.dylib
0x000000004bcb8000 	/System/Library/Frameworks/ImageIO.framework/Versions/A/Resources/libPng.dylib
0x000000004bcb8000 	/System/Library/Frameworks/ImageIO.framework/Versions/A/Resources/libGIF.dylib
0x000000004bcb8000 	/System/Library/Frameworks/ImageIO.framework/Versions/A/Resources/libJP2.dylib
0x000000004bcb8000 	/System/Library/Frameworks/ImageIO.framework/Versions/A/Resources/libRadiance.dylib
0x000000004bcb8000 	/usr/lib/libcompression.dylib
0x000000004bcb8000 	/System/Library/PrivateFrameworks/AppleJPEG.framework/Versions/A/AppleJPEG
0x000000004bcb8000 	/usr/lib/libcups.2.dylib
0x000000004bcb8000 	/System/Library/Frameworks/Kerberos.framework/Versions/A/Kerberos
0x000000004bcb8000 	/System/Library/Frameworks/GSS.framework/Versions/A/GSS
0x000000004bcb8000 	/usr/lib/libresolv.9.dylib
0x000000004bcb8000 	/usr/lib/libiconv.2.dylib
0x000000004bcb8000 	/System/Library/PrivateFrameworks/Heimdal.framework/Versions/A/Heimdal
0x000000004bcb8000 	/usr/lib/libheimdal-asn1.dylib
0x000000004bcb8000 	/System/Library/Frameworks/OpenDirectory.framework/Versions/A/OpenDirectory
0x000000004bcb8000 	/System/Library/PrivateFrameworks/CommonAuth.framework/Versions/A/CommonAuth
0x000000004bcb8000 	/System/Library/Frameworks/OpenDirectory.framework/Versions/A/Frameworks/CFOpenDirectory.framework/Versions/A/CFOpenDirectory
0x000000004bcb8000 	/System/Library/Frameworks/SecurityFoundation.framework/Versions/A/SecurityFoundation
0x000000004bcb8000 	/System/Library/PrivateFrameworks/LanguageModeling.framework/Versions/A/LanguageModeling
0x000000004bcb8000 	/usr/lib/libmarisa.dylib
0x000000004bcb8000 	/usr/lib/libChineseTokenizer.dylib
0x000000004bcb8000 	/usr/lib/libcmph.dylib
0x000000004bcb8000 	/System/Library/PrivateFrameworks/CoreEmoji.framework/Versions/A/CoreEmoji
0x000000004bcb8000 	/System/Library/Frameworks/ServiceManagement.framework/Versions/A/ServiceManagement
0x000000004bcb8000 	/usr/lib/libxslt.1.dylib
0x000000004bcb8000 	/System/Library/Frameworks/Carbon.framework/Versions/A/Frameworks/Ink.framework/Versions/A/Ink
0x000000004bcb8000 	/System/Library/PrivateFrameworks/TextureIO.framework/Versions/A/TextureIO
0x000000004bcb8000 	/System/Library/Frameworks/Metal.framework/Versions/A/Metal
0x000000004bcb8000 	/usr/lib/libate.dylib
0x000000004bcb8000 	/System/Library/PrivateFrameworks/GPUCompiler.framework/libmetal_timestamp.dylib
0x000000004bcb8000 	/System/Library/Frameworks/OpenGL.framework/Versions/A/Libraries/libCoreFSCache.dylib
0x000000004bcb8000 	/System/Library/PrivateFrameworks/IOAccelerator.framework/Versions/A/IOAccelerator
0x000000004bcb8000 	/System/Library/Frameworks/CoreVideo.framework/Versions/A/CoreVideo
0x000000004bcb8000 	/usr/lib/libFosl_dynamic.dylib
0x000000004bcb8000 	/System/Library/PrivateFrameworks/MetalPerformanceShaders.framework/Versions/A/MetalPerformanceShaders
0x000000004bcb8000 	/System/Library/PrivateFrameworks/FaceCore.framework/Versions/A/FaceCore
0x000000004bcb8000 	/System/Library/Frameworks/OpenCL.framework/Versions/A/OpenCL
0x000000004bcb8000 	/System/Library/Frameworks/OpenGL.framework/Versions/A/Libraries/libGLU.dylib
0x000000004bcb8000 	/System/Library/Frameworks/OpenGL.framework/Versions/A/Libraries/libGFXShared.dylib
0x000000004bcb8000 	/System/Library/Frameworks/OpenGL.framework/Versions/A/Libraries/libGL.dylib
0x000000004bcb8000 	/System/Library/Frameworks/OpenGL.framework/Versions/A/Libraries/libGLImage.dylib
0x000000004bcb8000 	/System/Library/Frameworks/OpenGL.framework/Versions/A/Libraries/libCVMSPluginSupport.dylib
0x000000004bcb8000 	/System/Library/Frameworks/OpenGL.framework/Versions/A/Libraries/libCoreVMClient.dylib
0x000000004bcb8000 	/System/Library/PrivateFrameworks/CrashReporterSupport.framework/Versions/A/CrashReporterSupport
0x000000004bcb8000 	/System/Library/PrivateFrameworks/Sharing.framework/Versions/A/Sharing
0x000000004bcb8000 	/System/Library/PrivateFrameworks/IconServices.framework/Versions/A/IconServices
0x000000004bcb8000 	/System/Library/PrivateFrameworks/ProtocolBuffer.framework/Versions/A/ProtocolBuffer
0x000000004bcb8000 	/System/Library/PrivateFrameworks/Apple80211.framework/Versions/A/Apple80211
0x000000004bcb8000 	/System/Library/Frameworks/CoreWLAN.framework/Versions/A/CoreWLAN
0x000000004bcb8000 	/System/Library/PrivateFrameworks/CoreUtils.framework/Versions/A/CoreUtils
0x000000004bcb8000 	/System/Library/Frameworks/IOBluetooth.framework/Versions/A/IOBluetooth
0x000000004bcb8000 	/System/Library/PrivateFrameworks/CoreWiFi.framework/Versions/A/CoreWiFi
0x000000004bcb8000 	/System/Library/Frameworks/CoreBluetooth.framework/Versions/A/CoreBluetooth
0x000000004bcb8000 	/System/Library/Frameworks/CoreDisplay.framework/Versions/A/CoreDisplay
0x000000004bcb8000 	/System/Library/PrivateFrameworks/IOPresentment.framework/Versions/A/IOPresentment
0x000000004bcb8000 	/System/Library/PrivateFrameworks/DebugSymbols.framework/Versions/A/DebugSymbols
0x000000004bcb8000 	/System/Library/PrivateFrameworks/CoreSymbolication.framework/Versions/A/CoreSymbolication
0x000000004bcb8000 	/System/Library/PrivateFrameworks/Symbolication.framework/Versions/A/Symbolication
0x000000004bcb8000 	/System/Library/PrivateFrameworks/AppleFSCompression.framework/Versions/A/AppleFSCompression
0x000000004bcb8000 	/System/Library/PrivateFrameworks/SpeechRecognitionCore.framework/Versions/A/SpeechRecognitionCore
0x000000004bcb8000 	/System/Library/PrivateFrameworks/ChunkingLibrary.framework/Versions/A/ChunkingLibrary
0x0000000104200000 	/Library/Java/JavaVirtualMachines/jdk1.8.0_101.jdk/Contents/Home/jre/lib/server/libjvm.dylib
0x000000004bcb8000 	/usr/lib/libstdc++.6.dylib
0x000000010519d000 	/Library/Java/JavaVirtualMachines/jdk1.8.0_101.jdk/Contents/Home/jre/lib/libverify.dylib
0x00000001051ab000 	/Library/Java/JavaVirtualMachines/jdk1.8.0_101.jdk/Contents/Home/jre/lib/libjava.dylib
0x00000001051e8000 	/Library/Java/JavaVirtualMachines/jdk1.8.0_101.jdk/Contents/Home/jre/lib/libzip.dylib
0x0000000120348000 	/System/Library/Frameworks/JavaVM.framework/Frameworks/JavaRuntimeSupport.framework/JavaRuntimeSupport
0x00000001054ab000 	/System/Library/Frameworks/JavaVM.framework/Versions/A/Frameworks/JavaNativeFoundation.framework/Versions/A/JavaNativeFoundation
0x0000000120362000 	/System/Library/Frameworks/JavaVM.framework/Versions/A/JavaVM
0x000000004bcb8000 	/System/Library/Frameworks/Carbon.framework/Versions/A/Carbon
0x000000012036f000 	/System/Library/PrivateFrameworks/JavaLaunching.framework/Versions/A/JavaLaunching
0x000000004bcb8000 	/System/Library/Frameworks/Carbon.framework/Versions/A/Frameworks/CommonPanels.framework/Versions/A/CommonPanels
0x000000004bcb8000 	/System/Library/Frameworks/Carbon.framework/Versions/A/Frameworks/Help.framework/Versions/A/Help
0x000000004bcb8000 	/System/Library/Frameworks/Carbon.framework/Versions/A/Frameworks/ImageCapture.framework/Versions/A/ImageCapture
0x000000004bcb8000 	/System/Library/Frameworks/Carbon.framework/Versions/A/Frameworks/OpenScripting.framework/Versions/A/OpenScripting
0x000000004bcb8000 	/System/Library/Frameworks/Carbon.framework/Versions/A/Frameworks/Print.framework/Versions/A/Print
0x000000004bcb8000 	/System/Library/Frameworks/Carbon.framework/Versions/A/Frameworks/SecurityHI.framework/Versions/A/SecurityHI
0x0000000121edf000 	/Applications/IntelliJ IDEA CE.app/Contents/bin/libbreakgen64.jnilib
0x0000000121ee2000 	/Library/Java/JavaVirtualMachines/jdk1.8.0_101.jdk/Contents/Home/jre/lib/libnet.dylib
0x0000000121fd7000 	/Library/Java/JavaVirtualMachines/jdk1.8.0_101.jdk/Contents/Home/jre/lib/libprism_es2.dylib
0x000000012203d000 	/System/Library/Frameworks/OpenGL.framework/Resources/GLEngine.bundle/GLEngine
0x0000000122221000 	/System/Library/Frameworks/OpenGL.framework/Versions/A/Libraries/libGLProgrammability.dylib
0x000000004bcb8000 	/System/Library/Extensions/GeForceGLDriver.bundle/Contents/MacOS/GeForceGLDriver
0x000000004bcb8000 	/System/Library/Extensions/GeForceGLDriver.bundle/Contents/MacOS/libclh.dylib
0x000000004bcb8000 	/System/Library/PrivateFrameworks/GPUSupport.framework/Versions/A/Libraries/libGPUSupportMercury.dylib
0x0000000122653000 	/System/Library/Frameworks/OpenGL.framework/Resources//GLRendererFloat.bundle/GLRendererFloat
0x000000004bcb8000 	/System/Library/Frameworks/OpenCL.framework/Versions/A/Libraries/libcldcpuengine.dylib
0x000000004bcb8000 	/usr/lib/libcrypto.0.9.8.dylib
0x000000004bcb8000 	/System/Library/PrivateFrameworks/TrustEvaluationAgent.framework/Versions/A/TrustEvaluationAgent
0x00000001228ef000 	/Library/Java/JavaVirtualMachines/jdk1.8.0_101.jdk/Contents/Home/jre/lib/libglass.dylib
0x000000004bcb8000 	/System/Library/PrivateFrameworks/CoreServicesInternal.framework/Versions/A/CoreServicesInternal
0x000000004bcb8000 	/System/Library/CoreServices/RawCamera.bundle/Contents/MacOS/RawCamera
0x0000000122a72000 	/System/Library/Frameworks/Accelerate.framework/Frameworks/vImage.framework/Versions/A/Libraries/libCGInterfaces.dylib
0x000000004bcb8000 	/System/Library/PrivateFrameworks/FamilyControls.framework/Versions/A/FamilyControls
0x000000004bcb8000 	/System/Library/PrivateFrameworks/CommerceKit.framework/Versions/A/Frameworks/CommerceCore.framework/Versions/A/CommerceCore
0x000000004bcb8000 	/System/Library/PrivateFrameworks/SystemAdministration.framework/Versions/A/SystemAdministration
0x000000004bcb8000 	/System/Library/PrivateFrameworks/AppContainer.framework/Versions/A/AppContainer
0x000000004bcb8000 	/System/Library/PrivateFrameworks/SecCodeWrapper.framework/Versions/A/SecCodeWrapper
0x000000004bcb8000 	/System/Library/Frameworks/DirectoryService.framework/Versions/A/DirectoryService
0x000000004bcb8000 	/System/Library/PrivateFrameworks/DiskImages.framework/Versions/A/DiskImages
0x000000004bcb8000 	/System/Library/PrivateFrameworks/LoginUIKit.framework/Versions/A/Frameworks/LoginUICore.framework/Versions/A/LoginUICore
0x000000004bcb8000 	/usr/lib/libCoreStorage.dylib
0x000000004bcb8000 	/usr/lib/libcsfde.dylib
0x000000004bcb8000 	/usr/lib/libodfde.dylib
0x000000004bcb8000 	/System/Library/Frameworks/DiscRecording.framework/Versions/A/DiscRecording
0x000000004bcb8000 	/usr/lib/libcurl.4.dylib
0x000000004bcb8000 	/System/Library/PrivateFrameworks/MediaKit.framework/Versions/A/MediaKit
0x000000004bcb8000 	/System/Library/PrivateFrameworks/ProtectedCloudStorage.framework/Versions/A/ProtectedCloudStorage
0x000000004bcb8000 	/System/Library/PrivateFrameworks/EFILogin.framework/Versions/A/EFILogin
0x000000004bcb8000 	/usr/lib/libutil.dylib
0x000000004bcb8000 	/System/Library/Frameworks/LDAP.framework/Versions/A/LDAP
0x000000004bcb8000 	/usr/lib/libsasl2.2.dylib
0x000000004bcb8000 	/System/Library/PrivateFrameworks/CoreDaemon.framework/Versions/B/CoreDaemon
0x000000004bcb8000 	/System/Library/PrivateFrameworks/AppleSRP.framework/Versions/A/AppleSRP
0x000000004bcb8000 	/System/Library/PrivateFrameworks/APFS.framework/Versions/A/APFS
0x0000000125725000 	/Library/Java/JavaVirtualMachines/jdk1.8.0_101.jdk/Contents/Home/jre/lib/libjavafx_font.dylib
0x000000004bcb8000 	/System/Library/Frameworks/ApplicationServices.framework/Versions/A/Frameworks/ATS.framework/Versions/A/Resources/libTrueTypeScaler.dylib
0x000000004bcb8000 	/System/Library/Extensions/GeForceMTLDriver.bundle/Contents/MacOS/GeForceMTLDriver
0x000000004bcb8000 	/System/Library/Extensions/GeForceAIRPlugin.bundle/Contents/MacOS/GeForceAIRPlugin
0x000000004bcb8000 	/System/Library/PrivateFrameworks/GPUCompiler.framework//Versions/A/Libraries/libLLVMContainer.dylib
0x000000012ccb7000 	/Library/Java/JavaVirtualMachines/jdk1.8.0_101.jdk/Contents/Home/jre/lib/libprism_common.dylib
0x000000004bcb8000 	/System/Library/PrivateFrameworks/FinderKit.framework/Versions/A/FinderKit
0x000000004bcb8000 	/System/Library/Frameworks/Quartz.framework/Versions/A/Frameworks/QuickLookUI.framework/Versions/A/QuickLookUI
0x000000004bcb8000 	/System/Library/Frameworks/Quartz.framework/Versions/A/Frameworks/ImageKit.framework/Versions/A/ImageKit
0x000000004bcb8000 	/System/Library/PrivateFrameworks/Bom.framework/Versions/A/Bom
0x000000004bcb8000 	/System/Library/Frameworks/QuickLook.framework/Versions/A/QuickLook
0x000000004bcb8000 	/System/Library/PrivateFrameworks/Suggestions.framework/Versions/A/Suggestions
0x000000004bcb8000 	/System/Library/PrivateFrameworks/AppleSystemInfo.framework/Versions/A/AppleSystemInfo
0x000000004bcb8000 	/System/Library/Frameworks/ImageCaptureCore.framework/Versions/A/ImageCaptureCore
0x000000004bcb8000 	/System/Library/Frameworks/SafariServices.framework/Versions/A/SafariServices
0x000000004bcb8000 	/System/Library/Frameworks/QTKit.framework/Versions/A/QTKit
0x000000004bcb8000 	/System/Library/PrivateFrameworks/MobileKeyBag.framework/Versions/A/MobileKeyBag
0x000000004bcb8000 	/System/Library/PrivateFrameworks/ViewBridge.framework/Versions/A/ViewBridge
0x000000004bcb8000 	/System/Library/PrivateFrameworks/XPCService.framework/Versions/A/XPCService
0x000000004bcb8000 	/System/Library/PrivateFrameworks/AppSandbox.framework/Versions/A/AppSandbox
0x000000004bcb8000 	/usr/lib/libsandbox.1.dylib
0x000000004bcb8000 	/usr/lib/libMatch.1.dylib
0x000000004bcb8000 	/System/Library/Frameworks/AVFoundation.framework/Versions/A/AVFoundation
0x000000004bcb8000 	/System/Library/Frameworks/CoreMedia.framework/Versions/A/CoreMedia
0x000000004bcb8000 	/System/Library/Frameworks/MediaToolbox.framework/Versions/A/MediaToolbox
0x000000004bcb8000 	/System/Library/Frameworks/VideoToolbox.framework/Versions/A/VideoToolbox
0x000000004bcb8000 	/System/Library/PrivateFrameworks/CoreMediaAuthoring.framework/Versions/A/CoreMediaAuthoring
0x000000004bcb8000 	/System/Library/Frameworks/CoreMediaIO.framework/Versions/A/CoreMediaIO
0x000000004bcb8000 	/System/Library/Frameworks/AVFoundation.framework/Versions/A/Frameworks/AVFAudio.framework/Versions/A/AVFAudio
0x000000004bcb8000 	/System/Library/PrivateFrameworks/IntlPreferences.framework/Versions/A/IntlPreferences
0x000000004bcb8000 	/usr/lib/libspindump.dylib
0x000000004bcb8000 	/usr/lib/libdscsym.dylib
0x000000004bcb8000 	/System/Library/PrivateFrameworks/CoreAVCHD.framework/Versions/A/CoreAVCHD
0x000000004bcb8000 	/System/Library/Frameworks/MediaAccessibility.framework/Versions/A/MediaAccessibility
0x000000004bcb8000 	/System/Library/PrivateFrameworks/Mangrove.framework/Versions/A/Mangrove
0x000000004bcb8000 	/System/Library/PrivateFrameworks/CoreAUC.framework/Versions/A/CoreAUC
0x000000004bcb8000 	/System/Library/PrivateFrameworks/AppleVA.framework/Versions/A/AppleVA
0x000000004bcb8000 	/System/Library/PrivateFrameworks/QuickLookThumbnailing.framework/Versions/A/QuickLookThumbnailing
0x000000004bcb8000 	/System/Library/PrivateFrameworks/DisplayServices.framework/Versions/A/DisplayServices
0x000000004bcb8000 	/System/Library/Frameworks/Quartz.framework/Versions/A/Frameworks/PDFKit.framework/Versions/A/PDFKit
0x000000004bcb8000 	/System/Library/Frameworks/Quartz.framework/Versions/A/Frameworks/QuartzComposer.framework/Versions/A/QuartzComposer
0x000000004bcb8000 	/System/Library/Frameworks/Quartz.framework/Versions/A/Frameworks/QuartzFilters.framework/Versions/A/QuartzFilters
0x000000004bcb8000 	/System/Library/PrivateFrameworks/CorePDF.framework/Versions/A/CorePDF
0x000000004bcb8000 	/System/Library/Frameworks/JavaScriptCore.framework/Versions/A/JavaScriptCore
0x000000004bcb8000 	/System/Library/Frameworks/AddressBook.framework/Versions/A/AddressBook
0x000000004bcb8000 	/System/Library/PrivateFrameworks/ContactsPersistence.framework/Versions/A/ContactsPersistence
0x000000004bcb8000 	/System/Library/PrivateFrameworks/CalendarAgentLink.framework/Versions/A/CalendarAgentLink
0x000000004bcb8000 	/System/Library/PrivateFrameworks/ContactsFoundation.framework/Versions/A/ContactsFoundation
0x000000004bcb8000 	/System/Library/PrivateFrameworks/vCard.framework/Versions/A/vCard
0x000000004bcb8000 	/System/Library/PrivateFrameworks/ToneLibrary.framework/Versions/A/ToneLibrary
0x000000004bcb8000 	/System/Library/PrivateFrameworks/ToneKit.framework/Versions/A/ToneKit
0x000000004bcb8000 	/System/Library/PrivateFrameworks/ApplePushService.framework/Versions/A/ApplePushService
0x000000004bcb8000 	/System/Library/Frameworks/SecurityInterface.framework/Versions/A/SecurityInterface
0x000000004bcb8000 	/System/Library/PrivateFrameworks/PhoneNumbers.framework/Versions/A/PhoneNumbers
0x000000004bcb8000 	/System/Library/Frameworks/Quartz.framework/Versions/A/Quartz
0x000000004bcb8000 	/System/Library/Frameworks/Accounts.framework/Versions/A/Accounts
0x000000004bcb8000 	/System/Library/PrivateFrameworks/OAuth.framework/Versions/A/OAuth
0x000000004bcb8000 	/System/Library/PrivateFrameworks/CacheDelete.framework/Versions/A/CacheDelete
0x000000004bcb8000 	/System/Library/PrivateFrameworks/CloudDocs.framework/Versions/A/CloudDocs
0x000000004bcb8000 	/System/Library/Frameworks/CloudKit.framework/Versions/A/CloudKit
0x000000004bcb8000 	/System/Library/PrivateFrameworks/MMCS.framework/Versions/A/MMCS
0x000000004bcb8000 	/System/Library/Frameworks/CoreLocation.framework/Versions/A/CoreLocation
0x000000004bcb8000 	/System/Library/PrivateFrameworks/AssetCacheServices.framework/Versions/A/AssetCacheServices
0x000000004bcb8000 	/System/Library/PrivateFrameworks/GeoServices.framework/Versions/A/GeoServices
0x000000004bcb8000 	/System/Library/PrivateFrameworks/PlugInKit.framework/Versions/A/PlugInKit
0x0000000126cc1000 	/System/Library/Filesystems/NetFSPlugins/smb.bundle/Contents/MacOS/smb
0x000000004bcb8000 	/System/Library/PrivateFrameworks/SMBClient.framework/Versions/A/SMBClient
0x000000004bcb8000 	/System/Library/PrivateFrameworks/DCERPC.framework/Versions/A/DCERPC
0x000000004bcb8000 	/System/Library/PrivateFrameworks/KerberosHelper.framework/Versions/A/KerberosHelper
0x000000012eb3f000 	/System/Library/Frameworks/Security.framework/PlugIns/csparser.bundle/Contents/MacOS/csparser
0x00000001273f2000 	/System/Library/Frameworks/Quartz.framework/Versions/A/Frameworks/QuickLookUI.framework/Versions/A/PlugIns/Generic.qldisplay/Contents/MacOS/Generic

VM Arguments:
jvm_args: -Didea.launcher.port=7533 -Didea.launcher.bin.path=/Applications/IntelliJ IDEA CE.app/Contents/bin -Dfile.encoding=UTF-8 
java_command: com.intellij.rt.execution.application.AppMain Main
java_class_path (initial): /Library/Java/JavaVirtualMachines/jdk1.8.0_101.jdk/Contents/Home/jre/lib/charsets.jar:/Library/Java/JavaVirtualMachines/jdk1.8.0_101.jdk/Contents/Home/jre/lib/deploy.jar:/Library/Java/JavaVirtualMachines/jdk1.8.0_101.jdk/Contents/Home/jre/lib/ext/cldrdata.jar:/Library/Java/JavaVirtualMachines/jdk1.8.0_101.jdk/Contents/Home/jre/lib/ext/dnsns.jar:/Library/Java/JavaVirtualMachines/jdk1.8.0_101.jdk/Contents/Home/jre/lib/ext/jaccess.jar:/Library/Java/JavaVirtualMachines/jdk1.8.0_101.jdk/Contents/Home/jre/lib/ext/jfxrt.jar:/Library/Java/JavaVirtualMachines/jdk1.8.0_101.jdk/Contents/Home/jre/lib/ext/localedata.jar:/Library/Java/JavaVirtualMachines/jdk1.8.0_101.jdk/Contents/Home/jre/lib/ext/nashorn.jar:/Library/Java/JavaVirtualMachines/jdk1.8.0_101.jdk/Contents/Home/jre/lib/ext/sunec.jar:/Library/Java/JavaVirtualMachines/jdk1.8.0_101.jdk/Contents/Home/jre/lib/ext/sunjce_provider.jar:/Library/Java/JavaVirtualMachines/jdk1.8.0_101.jdk/Contents/Home/jre/lib/ext/sunpkcs11.jar:/Library/Java/JavaVirtualMachines/jdk1.8.0_101.jdk/Contents/Home/jre/lib/ext/zipfs.jar:/Library/Java/JavaVirtualMachines/jdk1.8.0_101.jdk/Contents/Home/jre/lib/javaws.jar:/Library/Java/JavaVirtualMachines/jdk1.8.0_101.jdk/Contents/Home/jre/lib/jce.jar:/Library/Java/JavaVirtualMachines/jdk1.8.0_101.jdk/Contents/Home/jre/lib/jfr.jar:/Library/Java/JavaVirtualMachines/jdk1.8.0_101.jdk/Contents/Home/jre/lib/jfxswt.jar:/Library/Java/JavaVirtualMachines/jdk1.8.0_101.jdk/Contents/Home/jre/lib/jsse.jar:/Library/Java/JavaVirtualMachines/jdk1.8.0_101.jdk/Contents/Home/jre/lib/management-agent.jar:/Library/Java/JavaVirtualMachines/jdk1.8.0_101.jdk/Contents/Home/jre/lib/plugin.jar:/Library/Java/JavaVirtualMachines/jdk1.8.0_101.jdk/Contents/Home/jre/lib/resources.jar:/Library/Java/JavaVirtualMachines/jdk1.8.0_101.jdk/Contents/Home/jre/lib/rt.jar:/Library/Java/JavaVirtualMachines/jdk1.8.0_101.jdk/Contents/Home/lib/ant-javafx.jar:/Library/Java/JavaVirtualMachines/jdk1.8.0_101.jdk/Contents/Home
Launcher Type: SUN_STANDARD

Environment Variables:
PATH=/usr/local/bin:/usr/bin:/bin:/usr/sbin:/sbin:/usr/local/munki:/opt/puppetlabs/bin
SHELL=/bin/bash

Signal Handlers:
SIGSEGV: [libjvm.dylib+0x5af145], sa_mask[0]=11111111011111110111111111111111, sa_flags=SA_ONSTACK|SA_RESTART|SA_SIGINFO
SIGBUS: [libjvm.dylib+0x5af145], sa_mask[0]=11111111011111110111111111111111, sa_flags=SA_RESTART|SA_SIGINFO
SIGFPE: [libjvm.dylib+0x48694c], sa_mask[0]=11111111011111110111111111111111, sa_flags=SA_RESTART|SA_SIGINFO
SIGPIPE: [libjvm.dylib+0x48694c], sa_mask[0]=11111111011111110111111111111111, sa_flags=SA_RESTART|SA_SIGINFO
SIGXFSZ: [libjvm.dylib+0x48694c], sa_mask[0]=11111111011111110111111111111111, sa_flags=SA_RESTART|SA_SIGINFO
SIGILL: [libjvm.dylib+0x48694c], sa_mask[0]=11111111011111110111111111111111, sa_flags=SA_RESTART|SA_SIGINFO
SIGUSR1: SIG_DFL, sa_mask[0]=00000000000000000000000000000000, sa_flags=none
SIGUSR2: [libjvm.dylib+0x48646a], sa_mask[0]=00100000000000000000000000000000, sa_flags=SA_RESTART|SA_SIGINFO
SIGHUP: [libjvm.dylib+0x484a41], sa_mask[0]=11111111011111110111111111111111, sa_flags=SA_RESTART|SA_SIGINFO
SIGINT: [libjvm.dylib+0x484a41], sa_mask[0]=11111111011111110111111111111111, sa_flags=SA_RESTART|SA_SIGINFO
SIGTERM: [libjvm.dylib+0x484a41], sa_mask[0]=11111111011111110111111111111111, sa_flags=SA_RESTART|SA_SIGINFO
SIGQUIT: [libjvm.dylib+0x484a41], sa_mask[0]=11111111011111110111111111111111, sa_flags=SA_RESTART|SA_SIGINFO


---------------  S Y S T E M  ---------------

OS:Bsduname:Darwin 16.1.0 Darwin Kernel Version 16.1.0: Thu Oct 13 21:26:57 PDT 2016; root:xnu-3789.21.3~60/RELEASE_X86_64 x86_64
rlimit: STACK 8192k, CORE 0k, NPROC 709, NOFILE 10240, AS infinity
load average:2.95 2.50 2.14

CPU:total 8 (4 cores per cpu, 2 threads per core) family 6 model 58 stepping 9, cmov, cx8, fxsr, mmx, sse, sse2, sse3, ssse3, sse4.1, sse4.2, popcnt, avx, aes, clmul, erms, ht, tsc, tscinvbit, tscinv

Memory: 4k page, physical 16777216k(2991808k free)

/proc/meminfo:


vm_info: Java HotSpot(TM) 64-Bit Server VM (25.101-b13) for bsd-amd64 JRE (1.8.0_101-b13), built on Jun 22 2016 02:42:15 by "java_re" with gcc 4.2.1 (Based on Apple Inc. build 5658) (LLVM build 2336.11.00)

time: Mon Oct 31 13:41:31 2016
elapsed time: 16 seconds (0d 0h 0m 16s)

